f:\courses\autosar\tasks\7.rte\seatctrlapp_task6_solution\seatctrlapp\seatctrlapp\debug\vc143.pdb
f:\courses\autosar\tasks\7.rte\seatctrlapp_task6_solution\seatctrlapp\seatctrlapp\debug\vc143.idb
f:\courses\autosar\tasks\7.rte\seatctrlapp_task6_solution\seatctrlapp\seatctrlapp\debug\vfb.obj
f:\courses\autosar\tasks\7.rte\seatctrlapp_task6_solution\seatctrlapp\seatctrlapp\debug\rte.obj
f:\courses\autosar\tasks\7.rte\seatctrlapp_task6_solution\seatctrlapp\seatctrlapp\debug\spi.obj
f:\courses\autosar\tasks\7.rte\seatctrlapp_task6_solution\seatctrlapp\seatctrlapp\debug\os.obj
f:\courses\autosar\tasks\7.rte\seatctrlapp_task6_solution\seatctrlapp\seatctrlapp\debug\dio.obj
f:\courses\autosar\tasks\7.rte\seatctrlapp_task6_solution\seatctrlapp\seatctrlapp\debug\com.obj
f:\courses\autosar\tasks\7.rte\seatctrlapp_task6_solution\seatctrlapp\seatctrlapp\debug\adc.obj
f:\courses\autosar\tasks\7.rte\seatctrlapp_task6_solution\seatctrlapp\seatctrlapp\debug\weightsensor.obj
f:\courses\autosar\tasks\7.rte\seatctrlapp_task6_solution\seatctrlapp\seatctrlapp\debug\slidesensor.obj
f:\courses\autosar\tasks\7.rte\seatctrlapp_task6_solution\seatctrlapp\seatctrlapp\debug\slidemotor.obj
f:\courses\autosar\tasks\7.rte\seatctrlapp_task6_solution\seatctrlapp\seatctrlapp\debug\iohwabs.obj
f:\courses\autosar\tasks\7.rte\seatctrlapp_task6_solution\seatctrlapp\seatctrlapp\debug\inclinesensor.obj
f:\courses\autosar\tasks\7.rte\seatctrlapp_task6_solution\seatctrlapp\seatctrlapp\debug\inclinemotor.obj
f:\courses\autosar\tasks\7.rte\seatctrlapp_task6_solution\seatctrlapp\seatctrlapp\debug\heightsensor.obj
f:\courses\autosar\tasks\7.rte\seatctrlapp_task6_solution\seatctrlapp\seatctrlapp\debug\heightmotor.obj
f:\courses\autosar\tasks\7.rte\seatctrlapp_task6_solution\seatctrlapp\seatctrlapp\debug\seatmanager.obj
f:\courses\autosar\tasks\7.rte\seatctrlapp_task6_solution\seatctrlapp\seatctrlapp\debug\hmi.obj
f:\courses\autosar\tasks\7.rte\seatctrlapp_task6_solution\seatctrlapp\seatctrlapp\debug\main.obj
f:\courses\autosar\tasks\7.rte\seatctrlapp_task6_solution\seatctrlapp\seatctrlapp\debug\seatctrlapp.ilk
f:\courses\autosar\tasks\7.rte\seatctrlapp_task6_solution\seatctrlapp\debug\seatctrlapp.exe
f:\courses\autosar\tasks\7.rte\seatctrlapp_task6_solution\seatctrlapp\debug\seatctrlapp.pdb
f:\courses\autosar\tasks\7.rte\seatctrlapp_task6_solution\seatctrlapp\seatctrlapp\debug\seatctrlapp.tlog\cl.command.1.tlog
f:\courses\autosar\tasks\7.rte\seatctrlapp_task6_solution\seatctrlapp\seatctrlapp\debug\seatctrlapp.tlog\cl.read.1.tlog
f:\courses\autosar\tasks\7.rte\seatctrlapp_task6_solution\seatctrlapp\seatctrlapp\debug\seatctrlapp.tlog\cl.write.1.tlog
f:\courses\autosar\tasks\7.rte\seatctrlapp_task6_solution\seatctrlapp\seatctrlapp\debug\seatctrlapp.tlog\link.command.1.tlog
f:\courses\autosar\tasks\7.rte\seatctrlapp_task6_solution\seatctrlapp\seatctrlapp\debug\seatctrlapp.tlog\link.read.1.tlog
f:\courses\autosar\tasks\7.rte\seatctrlapp_task6_solution\seatctrlapp\seatctrlapp\debug\seatctrlapp.tlog\link.write.1.tlog
